
Xvnc TigerVNC 1.8.0 - built May 16 2017 14:01:59
Copyright (C) 1999-2017 TigerVNC Team and many others (see README.txt)
See http://www.tigervnc.org for information on TigerVNC.
Underlying X server release 11400000, The X.Org Foundation

Initializing built-in extension VNC-EXTENSION
Initializing built-in extension Generic Event Extension
Initializing built-in extension SHAPE
Initializing built-in extension MIT-SHM
Initializing built-in extension XInputExtension
Initializing built-in extension XTEST
Initializing built-in extension BIG-REQUESTS
Initializing built-in extension SYNC
Initializing built-in extension XKEYBOARD
Initializing built-in extension XC-MISC
Initializing built-in extension XINERAMA
Initializing built-in extension XFIXES
Initializing built-in extension RENDER
Initializing built-in extension RANDR
Initializing built-in extension COMPOSITE
Initializing built-in extension DAMAGE
Initializing built-in extension MIT-SCREEN-SAVER
Initializing built-in extension DOUBLE-BUFFER
Initializing built-in extension RECORD
Initializing built-in extension DPMS
Initializing built-in extension X-Resource
Initializing built-in extension XVideo
Initializing built-in extension XVideo-MotionCompensation
Initializing built-in extension GLX

Wed Oct 19 17:55:28 2022
 vncext:      VNC extension running!
 vncext:      Listening for VNC connections on all interface(s), port 5907
 vncext:      created VNC server for screen 0
/usr/bin/startxfce4: X server already running on display :7
gpg-agent[24722]: WARNING: "--write-env-file" is an obsolete option - it has no effect
gpg-agent[24723]: gpg-agent (GnuPG) 2.1.11 started

(xfce4-session:24682): xfce4-session-WARNING **: gpg-agent returned no PID in the variables

(xfce4-session:24682): xfce4-session-WARNING **: xfsm_manager_load_session: Something wrong with /mnt/vocwork5/ddd_v1_w_ZVx_1360914/asn1092545_12/asn1092546_1/work/.cache/sessions/xfce4-session-ip-172-31-29-88:7, Does it exist? Permissions issue?

(xfwm4:24725): xfwm4-WARNING **: Error opening /dev/dri/card0: No such file or directory

Wed Oct 19 17:55:35 2022
 Connections: accepted: 172.31.29.88::55440

Wed Oct 19 17:55:36 2022
 SConnection: Client needs protocol version 3.8
 SConnection: Client requests security type None(1)
 VNCSConnST:  Server default pixel format depth 24 (32bpp) little-endian rgb888
 VNCSConnST:  Client pixel format depth 24 (32bpp) little-endian rgb888
 ComparingUpdateTracker: 0 pixels in / 0 pixels out
 ComparingUpdateTracker: (1:-nan ratio)

Wed Oct 19 17:57:39 2022
 Connections: closed: 172.31.29.88::55440 (Clean disconnection)
 EncodeManager: Framebuffer updates: 291
 EncodeManager:   Tight:
 EncodeManager:     Solid: 301 rects, 2.66493 Mpixels
 EncodeManager:            4.70312 KiB (1:2214.14 ratio)
 EncodeManager:     Bitmap RLE: 23 rects, 15.564 kpixels
 EncodeManager:                 754 B (1:82.9337 ratio)
 EncodeManager:     Indexed RLE: 226 rects, 562.129 kpixels
 EncodeManager:                  38.1641 KiB (1:57.6056 ratio)
 EncodeManager:   Tight (JPEG):
 EncodeManager:     Full Colour: 419 rects, 4.12294 Mpixels
 EncodeManager:                  1.79419 MiB (1:8.76863 ratio)
 EncodeManager:   Total: 969 rects, 7.36556 Mpixels
 EncodeManager:          1.83677 MiB (1:15.3032 ratio)
 ComparingUpdateTracker: 176.05 Mpixels in / 6.71238 Mpixels out
 ComparingUpdateTracker: (1:26.2276 ratio)
xfwm4: Fatal IO error 11 (Resource temporarily unavailable) on X server :7.0.
xfce4-session: Fatal IO error 11 (Resource temporarily unavailable) on X server :7.
xfdesktop: Fatal IO error 11 (Resource temporarily unavailable) on X server :7.0.
xfce4-panel: Fatal IO error 11 (Resource temporarily unavailable) on X server :7.0.
Thunar: Fatal IO error 11 (Resource temporarily unavailable) on X server :7.0.
xfsettingsd: Fatal IO error 11 (Resource temporarily unavailable) on X server :7.0.
wrapper-1.0: Fatal IO error 11 (Resource temporarily unavailable) on X server :7.0.
wrapper-1.0: Fatal IO error 11 (Resource temporarily unavailable) on X server :7.0.
