
Xvnc TigerVNC 1.8.0 - built May 16 2017 14:01:59
Copyright (C) 1999-2017 TigerVNC Team and many others (see README.txt)
See http://www.tigervnc.org for information on TigerVNC.
Underlying X server release 11400000, The X.Org Foundation

Initializing built-in extension VNC-EXTENSION
Initializing built-in extension Generic Event Extension
Initializing built-in extension SHAPE
Initializing built-in extension MIT-SHM
Initializing built-in extension XInputExtension
Initializing built-in extension XTEST
Initializing built-in extension BIG-REQUESTS
Initializing built-in extension SYNC
Initializing built-in extension XKEYBOARD
Initializing built-in extension XC-MISC
Initializing built-in extension XINERAMA
Initializing built-in extension XFIXES
Initializing built-in extension RENDER
Initializing built-in extension RANDR
Initializing built-in extension COMPOSITE
Initializing built-in extension DAMAGE
Initializing built-in extension MIT-SCREEN-SAVER
Initializing built-in extension DOUBLE-BUFFER
Initializing built-in extension RECORD
Initializing built-in extension DPMS
Initializing built-in extension X-Resource
Initializing built-in extension XVideo
Initializing built-in extension XVideo-MotionCompensation
Initializing built-in extension GLX

Thu Oct 20 15:23:01 2022
 vncext:      VNC extension running!
 vncext:      Listening for VNC connections on all interface(s), port 5902
 vncext:      created VNC server for screen 0
/usr/bin/startxfce4: X server already running on display :2
gpg-agent[26289]: WARNING: "--write-env-file" is an obsolete option - it has no effect
gpg-agent[26290]: gpg-agent (GnuPG) 2.1.11 started

(xfce4-session:26261): xfce4-session-WARNING **: gpg-agent returned no PID in the variables

(xfce4-session:26261): xfce4-session-WARNING **: xfsm_manager_load_session: Something wrong with /mnt/vocwork5/ddd_v1_w_ZVx_1360914/asn1092545_12/asn1092546_1/work/.cache/sessions/xfce4-session-ip-172-31-20-56:2, Does it exist? Permissions issue?

(xfwm4:26292): xfwm4-WARNING **: Error opening /dev/dri/card0: No such file or directory

Thu Oct 20 15:23:09 2022
 Connections: accepted: 172.31.20.56::52364
 SConnection: Client needs protocol version 3.8
 SConnection: Client requests security type None(1)
 VNCSConnST:  Server default pixel format depth 24 (32bpp) little-endian rgb888
 VNCSConnST:  Client pixel format depth 24 (32bpp) little-endian rgb888
 ComparingUpdateTracker: 0 pixels in / 0 pixels out
 ComparingUpdateTracker: (1:-nan ratio)

Thu Oct 20 15:26:15 2022
 Input:       Added unknown keysym 0x4a1 to keycode 255

Thu Oct 20 15:34:03 2022
 Connections: accepted: 172.31.20.56::56654
 SConnection: Client needs protocol version 3.8
 SConnection: Client requests security type None(1)
 VNCSConnST:  Server default pixel format depth 24 (32bpp) little-endian rgb888
 VNCSConnST:  Client pixel format depth 24 (32bpp) little-endian rgb888

Thu Oct 20 15:34:22 2022
 Connections: closed: 172.31.20.56::52364 (Clean disconnection)
 EncodeManager: Framebuffer updates: 284
 EncodeManager:   Tight:
 EncodeManager:     Solid: 433 rects, 3.07122 Mpixels
 EncodeManager:            6.76562 KiB (1:1773.97 ratio)
 EncodeManager:     Bitmap RLE: 36 rects, 8.519 kpixels
 EncodeManager:                 1.13477 KiB (1:29.6971 ratio)
 EncodeManager:     Indexed RLE: 336 rects, 366.071 kpixels
 EncodeManager:                  42.0859 KiB (1:34.0708 ratio)
 EncodeManager:   Tight (JPEG):
 EncodeManager:     Full Colour: 204 rects, 1.55407 Mpixels
 EncodeManager:                  570.512 KiB (1:10.6448 ratio)
 EncodeManager:   Total: 1.009 krects, 4.99987 Mpixels
 EncodeManager:          620.498 KiB (1:31.495 ratio)
 ComparingUpdateTracker: 102.202 Mpixels in / 3.86518 Mpixels out
 ComparingUpdateTracker: (1:26.4418 ratio)

Thu Oct 20 15:34:40 2022
 ComparingUpdateTracker: 642.782 kpixels in / 14.912 kpixels out
 ComparingUpdateTracker: (1:43.105 ratio)

Thu Oct 20 16:24:34 2022
 Connections: closed: 172.31.20.56::56654 (Clean disconnection)
 EncodeManager: Framebuffer updates: 7548
 EncodeManager:   Tight:
 EncodeManager:     Solid: 86.833 krects, 48.0492 Mpixels
 EncodeManager:            1.32497 MiB (1:139.088 ratio)
 EncodeManager:     Bitmap RLE: 142.583 krects, 33.3105 Mpixels
 EncodeManager:                 4.57949 MiB (1:28.1038 ratio)
 EncodeManager:     Indexed RLE: 162.615 krects, 340.666 Mpixels
 EncodeManager:                  36.815 MiB (1:35.3497 ratio)
 EncodeManager:   Tight (JPEG):
 EncodeManager:     Full Colour: 596 rects, 6.74972 Mpixels
 EncodeManager:                  2.56736 MiB (1:10.0317 ratio)
 EncodeManager:   Total: 392.627 krects, 428.776 Mpixels
 EncodeManager:          45.2868 MiB (1:36.2168 ratio)
 ComparingUpdateTracker: 1.4513 Gpixels in / 518.456 Mpixels out
 ComparingUpdateTracker: (1:2.79927 ratio)

Thu Oct 20 16:36:12 2022
 Connections: accepted: 172.31.20.56::54344
 SConnection: Client needs protocol version 3.8
 SConnection: Client requests security type None(1)
 VNCSConnST:  Server default pixel format depth 24 (32bpp) little-endian rgb888
 VNCSConnST:  Client pixel format depth 24 (32bpp) little-endian rgb888
 ComparingUpdateTracker: 7.19545 Mpixels in / 7.19545 Mpixels out
 ComparingUpdateTracker: (1:1 ratio)

Thu Oct 20 16:45:54 2022
 ComparingUpdateTracker: 43.8025 Mpixels in / 2.72454 Mpixels out
 ComparingUpdateTracker: (1:16.077 ratio)

Thu Oct 20 16:46:01 2022
 Connections: accepted: 172.31.20.56::58286
 SConnection: Client needs protocol version 3.8
 SConnection: Client requests security type None(1)
 VNCSConnST:  Server default pixel format depth 24 (32bpp) little-endian rgb888
 VNCSConnST:  Client pixel format depth 24 (32bpp) little-endian rgb888

Thu Oct 20 16:46:06 2022
 Connections: closed: 172.31.20.56::58286 (Clean disconnection)
 EncodeManager: Framebuffer updates: 18
 EncodeManager:   Tight:
 EncodeManager:     Solid: 58 rects, 442.291 kpixels
 EncodeManager:            928 B (1:1907.18 ratio)
 EncodeManager:     Bitmap RLE: 1 rects, 1.848 kpixels
 EncodeManager:                 42 B (1:176.286 ratio)
 EncodeManager:     Indexed RLE: 65 rects, 101.674 kpixels
 EncodeManager:                  7.16211 KiB (1:55.5599 ratio)
 EncodeManager:   Tight (JPEG):
 EncodeManager:     Full Colour: 39 rects, 537.999 kpixels
 EncodeManager:                  214.243 KiB (1:9.81135 ratio)
 EncodeManager:   Total: 163 rects, 1.08381 Mpixels
 EncodeManager:          222.353 KiB (1:19.0488 ratio)
 ComparingUpdateTracker: 21.9232 Mpixels in / 1.65696 Mpixels out
 ComparingUpdateTracker: (1:13.231 ratio)

Thu Oct 20 16:48:33 2022
 Connections: closed: 172.31.20.56::54344 (Clean disconnection)
 EncodeManager: Framebuffer updates: 268
 EncodeManager:   Tight:
 EncodeManager:     Solid: 331 rects, 2.43427 Mpixels
 EncodeManager:            5.17188 KiB (1:1839.32 ratio)
 EncodeManager:     Bitmap RLE: 34 rects, 9.684 kpixels
 EncodeManager:                 1.04688 KiB (1:36.5149 ratio)
 EncodeManager:     Indexed RLE: 453 rects, 1.60698 Mpixels
 EncodeManager:                  84.9756 KiB (1:73.934 ratio)
 EncodeManager:   Tight (JPEG):
 EncodeManager:     Full Colour: 263 rects, 4.38935 Mpixels
 EncodeManager:                  1.70696 MiB (1:9.81106 ratio)
 EncodeManager:   Total: 1.081 krects, 8.44029 Mpixels
 EncodeManager:          1.79601 MiB (1:17.9339 ratio)
 ComparingUpdateTracker: 65.7728 Mpixels in / 2.96141 Mpixels out
 ComparingUpdateTracker: (1:22.21 ratio)
