
Xvnc TigerVNC 1.8.0 - built May 16 2017 14:01:59
Copyright (C) 1999-2017 TigerVNC Team and many others (see README.txt)
See http://www.tigervnc.org for information on TigerVNC.
Underlying X server release 11400000, The X.Org Foundation

Initializing built-in extension VNC-EXTENSION
Initializing built-in extension Generic Event Extension
Initializing built-in extension SHAPE
Initializing built-in extension MIT-SHM
Initializing built-in extension XInputExtension
Initializing built-in extension XTEST
Initializing built-in extension BIG-REQUESTS
Initializing built-in extension SYNC
Initializing built-in extension XKEYBOARD
Initializing built-in extension XC-MISC
Initializing built-in extension XINERAMA
Initializing built-in extension XFIXES
Initializing built-in extension RENDER
Initializing built-in extension RANDR
Initializing built-in extension COMPOSITE
Initializing built-in extension DAMAGE
Initializing built-in extension MIT-SCREEN-SAVER
Initializing built-in extension DOUBLE-BUFFER
Initializing built-in extension RECORD
Initializing built-in extension DPMS
Initializing built-in extension X-Resource
Initializing built-in extension XVideo
Initializing built-in extension XVideo-MotionCompensation
Initializing built-in extension GLX

Sun Sep 11 00:21:15 2022
 vncext:      VNC extension running!
 vncext:      Listening for VNC connections on all interface(s), port 5908
 vncext:      created VNC server for screen 0
/usr/bin/startxfce4: X server already running on display :8
gpg-agent[1668]: WARNING: "--write-env-file" is an obsolete option - it has no effect
gpg-agent[1670]: gpg-agent (GnuPG) 2.1.11 started

(xfce4-session:1640): xfce4-session-WARNING **: gpg-agent returned no PID in the variables

(xfce4-session:1640): xfce4-session-WARNING **: xfsm_manager_load_session: Something wrong with /mnt/vocwork5/ddd_v1_w_ZVx_1360914/asn1092527_4/asn1092528_1/work/.cache/sessions/xfce4-session-ip-172-31-24-6:8, Does it exist? Permissions issue?

(xfwm4:1672): xfwm4-WARNING **: Error opening /dev/dri/card0: No such file or directory

Sun Sep 11 00:21:22 2022
 Connections: accepted: 172.31.24.6::58488
 SConnection: Client needs protocol version 3.8
 SConnection: Client requests security type None(1)
 VNCSConnST:  Server default pixel format depth 24 (32bpp) little-endian rgb888
 VNCSConnST:  Client pixel format depth 24 (32bpp) little-endian rgb888
 ComparingUpdateTracker: 0 pixels in / 0 pixels out
 ComparingUpdateTracker: (1:-nan ratio)

Sun Sep 11 00:31:39 2022
 ComparingUpdateTracker: 214.646 Mpixels in / 18.9175 Mpixels out
 ComparingUpdateTracker: (1:11.3464 ratio)

Sun Sep 11 00:37:05 2022
 Connections: closed: 172.31.24.6::58488 (Clean disconnection)
 EncodeManager: Framebuffer updates: 488
 EncodeManager:   CopyRect:
 EncodeManager:     Copies: 6 rects, 2.21202 Mpixels
 EncodeManager:             96 B (1:92168.1 ratio)
 EncodeManager:   Tight:
 EncodeManager:     Solid: 1.255 krects, 17.8711 Mpixels
 EncodeManager:            19.6094 KiB (1:3560.73 ratio)
 EncodeManager:     Bitmap RLE: 138 rects, 217.918 kpixels
 EncodeManager:                 7.71387 KiB (1:110.562 ratio)
 EncodeManager:     Indexed RLE: 654 rects, 1.94109 Mpixels
 EncodeManager:                  177.16 KiB (1:42.8429 ratio)
 EncodeManager:   Tight (JPEG):
 EncodeManager:     Full Colour: 952 rects, 8.23839 Mpixels
 EncodeManager:                  2.7333 MiB (1:11.5018 ratio)
 EncodeManager:   Total: 3.005 krects, 30.4805 Mpixels
 EncodeManager:          2.93308 MiB (1:39.654 ratio)
 ComparingUpdateTracker: 187.054 Mpixels in / 11.6769 Mpixels out
 ComparingUpdateTracker: (1:16.0192 ratio)
xfce4-session: Fatal IO error 11 (Resource temporarily unavailable) on X server :8.
xfwm4: Fatal IO error 11 (Resource temporarily unavailable) on X server :8.0.
xfsettingsd: Fatal IO error 11 (Resource temporarily unavailable) on X server :8.0.
xfdesktop: Fatal IO error 11 (Resource temporarily unavailable) on X server :8.0.
wrapper-1.0: Fatal IO error 11 (Resource temporarily unavailable) on X server :8.0.
wrapper-1.0: Fatal IO error 11 (Resource temporarily unavailable) on X server :8.0.
gpg-agent[1670]: SIGTERM received - shutting down ...
gpg-agent[1670]: gpg-agent (GnuPG) 2.1.11 stopped
