
Xvnc TigerVNC 1.8.0 - built May 16 2017 14:01:59
Copyright (C) 1999-2017 TigerVNC Team and many others (see README.txt)
See http://www.tigervnc.org for information on TigerVNC.
Underlying X server release 11400000, The X.Org Foundation

Initializing built-in extension VNC-EXTENSION
Initializing built-in extension Generic Event Extension
Initializing built-in extension SHAPE
Initializing built-in extension MIT-SHM
Initializing built-in extension XInputExtension
Initializing built-in extension XTEST
Initializing built-in extension BIG-REQUESTS
Initializing built-in extension SYNC
Initializing built-in extension XKEYBOARD
Initializing built-in extension XC-MISC
Initializing built-in extension XINERAMA
Initializing built-in extension XFIXES
Initializing built-in extension RENDER
Initializing built-in extension RANDR
Initializing built-in extension COMPOSITE
Initializing built-in extension DAMAGE
Initializing built-in extension MIT-SCREEN-SAVER
Initializing built-in extension DOUBLE-BUFFER
Initializing built-in extension RECORD
Initializing built-in extension DPMS
Initializing built-in extension X-Resource
Initializing built-in extension XVideo
Initializing built-in extension XVideo-MotionCompensation
Initializing built-in extension GLX

Sat Sep 10 17:03:38 2022
 vncext:      VNC extension running!
 vncext:      Listening for VNC connections on all interface(s), port 5903
 vncext:      created VNC server for screen 0
/usr/bin/startxfce4: X server already running on display :3
gpg-agent[28463]: WARNING: "--write-env-file" is an obsolete option - it has no effect
gpg-agent[28464]: gpg-agent (GnuPG) 2.1.11 started

(xfce4-session:28443): xfce4-session-WARNING **: gpg-agent returned no PID in the variables

(xfce4-session:28443): xfce4-session-WARNING **: xfsm_manager_load_session: Something wrong with /mnt/vocwork5/ddd_v1_w_ZVx_1360914/asn1092527_4/asn1092528_1/work/.cache/sessions/xfce4-session-ip-172-31-31-233:3, Does it exist? Permissions issue?

(xfsettingsd:28475): xfsettingsd-WARNING **: Failed to get the _NET_NUMBER_OF_DESKTOPS property.

(xfwm4:28466): xfwm4-WARNING **: Error opening /dev/dri/card0: No such file or directory

Sat Sep 10 17:03:45 2022
 Connections: accepted: 172.31.31.233::38694
 SConnection: Client needs protocol version 3.8
 SConnection: Client requests security type None(1)
 VNCSConnST:  Server default pixel format depth 24 (32bpp) little-endian rgb888
 VNCSConnST:  Client pixel format depth 24 (32bpp) little-endian rgb888
 ComparingUpdateTracker: 0 pixels in / 0 pixels out
 ComparingUpdateTracker: (1:-nan ratio)

Sat Sep 10 18:13:12 2022
 Connections: closed: 172.31.31.233::38694 (Clean disconnection)
 EncodeManager: Framebuffer updates: 34798
 EncodeManager:   Tight:
 EncodeManager:     Solid: 2.6016 Mrects, 6.74837 Gpixels
 EncodeManager:            39.6972 MiB (1:649.234 ratio)
 EncodeManager:     Bitmap RLE: 269.555 krects, 135.91 Mpixels
 EncodeManager:                 8.76769 MiB (1:59.4842 ratio)
 EncodeManager:     Indexed RLE: 3.18551 Mrects, 4.81718 Gpixels
 EncodeManager:                  469.724 MiB (1:39.1986 ratio)
 EncodeManager:   Tight (JPEG):
 EncodeManager:     Full Colour: 5.554 krects, 57.6818 Mpixels
 EncodeManager:                  26.4235 MiB (1:8.32979 ratio)
 EncodeManager:   Total: 6.06222 Mrects, 11.7591 Gpixels
 EncodeManager:          544.613 MiB (1:82.4934 ratio)
 ComparingUpdateTracker: 1.03538 Gpixels in / 3.60268 Gpixels out
 ComparingUpdateTracker: (1:0.287391 ratio)

Sat Sep 10 18:55:55 2022
 Connections: accepted: 172.31.31.233::51792
 SConnection: Client needs protocol version 3.8
 SConnection: Client requests security type None(1)
 VNCSConnST:  Server default pixel format depth 24 (32bpp) little-endian rgb888
 VNCSConnST:  Client pixel format depth 24 (32bpp) little-endian rgb888

Sat Sep 10 19:12:40 2022
 Connections: closed: 172.31.31.233::51792 (Clean disconnection)
 EncodeManager: Framebuffer updates: 964
 EncodeManager:   CopyRect:
 EncodeManager:     Copies: 51 rects, 28.321 kpixels
 EncodeManager:             816 B (1:139.578 ratio)
 EncodeManager:   Tight:
 EncodeManager:     Solid: 6.175 krects, 39.0959 Mpixels
 EncodeManager:            96.4844 KiB (1:1583.58 ratio)
 EncodeManager:     Bitmap RLE: 822 rects, 831.267 kpixels
 EncodeManager:                 27.8662 KiB (1:116.872 ratio)
 EncodeManager:     Indexed RLE: 3.606 krects, 7.29595 Mpixels
 EncodeManager:                  584.67 KiB (1:48.8174 ratio)
 EncodeManager:   Tight (JPEG):
 EncodeManager:     Full Colour: 3.496 krects, 33.6633 Mpixels
 EncodeManager:                  14.3085 MiB (1:8.97754 ratio)
 EncodeManager:   Total: 14.15 krects, 80.9147 Mpixels
 EncodeManager:          15.0017 MiB (1:20.5862 ratio)
 ComparingUpdateTracker: 716.83 Mpixels in / 95.4529 Mpixels out
 ComparingUpdateTracker: (1:7.50978 ratio)
gpg-agent[28464]: can't connect my own socket: IPC connect call failed
gpg-agent[28464]: this process is useless - shutting down
gpg-agent[28464]: gpg-agent (GnuPG) 2.1.11 stopped
xfce4-session: Fatal IO error 11 (Resource temporarily unavailable) on X server :3.
xfwm4: Fatal IO error 11 (Resource temporarily unavailable) on X server :3.0.
xfsettingsd: Fatal IO error 11 (Resource temporarily unavailable) on X server :3.0.
xfdesktop: Fatal IO error 11 (Resource temporarily unavailable) on X server :3.0.
wrapper-1.0: Fatal IO error 11 (Resource temporarily unavailable) on X server :3.0.
wrapper-1.0: Fatal IO error 11 (Resource temporarily unavailable) on X server :3.0.
