
Xvnc TigerVNC 1.8.0 - built May 16 2017 14:01:59
Copyright (C) 1999-2017 TigerVNC Team and many others (see README.txt)
See http://www.tigervnc.org for information on TigerVNC.
Underlying X server release 11400000, The X.Org Foundation

Initializing built-in extension VNC-EXTENSION
Initializing built-in extension Generic Event Extension
Initializing built-in extension SHAPE
Initializing built-in extension MIT-SHM
Initializing built-in extension XInputExtension
Initializing built-in extension XTEST
Initializing built-in extension BIG-REQUESTS
Initializing built-in extension SYNC
Initializing built-in extension XKEYBOARD
Initializing built-in extension XC-MISC
Initializing built-in extension XINERAMA
Initializing built-in extension XFIXES
Initializing built-in extension RENDER
Initializing built-in extension RANDR
Initializing built-in extension COMPOSITE
Initializing built-in extension DAMAGE
Initializing built-in extension MIT-SCREEN-SAVER
Initializing built-in extension DOUBLE-BUFFER
Initializing built-in extension RECORD
Initializing built-in extension DPMS
Initializing built-in extension X-Resource
Initializing built-in extension XVideo
Initializing built-in extension XVideo-MotionCompensation
Initializing built-in extension GLX

Sun Sep 11 11:52:07 2022
 vncext:      VNC extension running!
 vncext:      Listening for VNC connections on all interface(s), port 5902
 vncext:      created VNC server for screen 0
/usr/bin/startxfce4: X server already running on display :2
gpg-agent[31880]: WARNING: "--write-env-file" is an obsolete option - it has no effect
gpg-agent[31882]: gpg-agent (GnuPG) 2.1.11 started

(xfce4-session:31836): xfce4-session-WARNING **: gpg-agent returned no PID in the variables

(xfce4-session:31836): xfce4-session-WARNING **: xfsm_manager_load_session: Something wrong with /mnt/vocwork5/ddd_v1_w_ZVx_1360914/asn1092527_4/asn1092528_1/work/.cache/sessions/xfce4-session-ip-172-31-16-116:2, Does it exist? Permissions issue?

(xfwm4:31886): xfwm4-WARNING **: Error opening /dev/dri/card0: No such file or directory

Sun Sep 11 11:52:15 2022
 Connections: accepted: 172.31.16.116::57350
 SConnection: Client needs protocol version 3.8
 SConnection: Client requests security type None(1)
 VNCSConnST:  Server default pixel format depth 24 (32bpp) little-endian rgb888
 VNCSConnST:  Client pixel format depth 24 (32bpp) little-endian rgb888
 ComparingUpdateTracker: 0 pixels in / 0 pixels out
 ComparingUpdateTracker: (1:-nan ratio)
