
Xvnc TigerVNC 1.8.0 - built May 16 2017 14:01:59
Copyright (C) 1999-2017 TigerVNC Team and many others (see README.txt)
See http://www.tigervnc.org for information on TigerVNC.
Underlying X server release 11400000, The X.Org Foundation

Initializing built-in extension VNC-EXTENSION
Initializing built-in extension Generic Event Extension
Initializing built-in extension SHAPE
Initializing built-in extension MIT-SHM
Initializing built-in extension XInputExtension
Initializing built-in extension XTEST
Initializing built-in extension BIG-REQUESTS
Initializing built-in extension SYNC
Initializing built-in extension XKEYBOARD
Initializing built-in extension XC-MISC
Initializing built-in extension XINERAMA
Initializing built-in extension XFIXES
Initializing built-in extension RENDER
Initializing built-in extension RANDR
Initializing built-in extension COMPOSITE
Initializing built-in extension DAMAGE
Initializing built-in extension MIT-SCREEN-SAVER
Initializing built-in extension DOUBLE-BUFFER
Initializing built-in extension RECORD
Initializing built-in extension DPMS
Initializing built-in extension X-Resource
Initializing built-in extension XVideo
Initializing built-in extension XVideo-MotionCompensation
Initializing built-in extension GLX

Sun Sep 11 10:07:00 2022
 vncext:      VNC extension running!
 vncext:      Listening for VNC connections on all interface(s), port 5903
 vncext:      created VNC server for screen 0
/usr/bin/startxfce4: X server already running on display :3
gpg-agent[360]: WARNING: "--write-env-file" is an obsolete option - it has no effect
gpg-agent[361]: gpg-agent (GnuPG) 2.1.11 started

(xfce4-session:340): xfce4-session-WARNING **: gpg-agent returned no PID in the variables

(xfce4-session:340): xfce4-session-WARNING **: xfsm_manager_load_session: Something wrong with /mnt/vocwork5/ddd_v1_w_ZVx_1360914/asn1092527_4/asn1092528_1/work/.cache/sessions/xfce4-session-ip-172-31-21-56:3, Does it exist? Permissions issue?

(xfsettingsd:383): xfsettingsd-WARNING **: Failed to get the _NET_NUMBER_OF_DESKTOPS property.

(xfwm4:363): xfwm4-WARNING **: Error opening /dev/dri/card0: No such file or directory

Sun Sep 11 10:07:07 2022
 Connections: accepted: 172.31.21.56::46620
 SConnection: Client needs protocol version 3.8
 SConnection: Client requests security type None(1)
 VNCSConnST:  Server default pixel format depth 24 (32bpp) little-endian rgb888
 VNCSConnST:  Client pixel format depth 24 (32bpp) little-endian rgb888

Sun Sep 11 10:07:08 2022
 ComparingUpdateTracker: 0 pixels in / 0 pixels out
 ComparingUpdateTracker: (1:-nan ratio)

Sun Sep 11 10:20:11 2022
 ComparingUpdateTracker: 3.45598 Gpixels in / 3.17596 Gpixels out
 ComparingUpdateTracker: (1:1.08817 ratio)

Sun Sep 11 10:24:07 2022
 ComparingUpdateTracker: 237.834 Mpixels in / 26.1652 Mpixels out
 ComparingUpdateTracker: (1:9.08969 ratio)

Sun Sep 11 10:26:56 2022
 ComparingUpdateTracker: 277.33 Mpixels in / 29.4408 Mpixels out
 ComparingUpdateTracker: (1:9.41994 ratio)

Sun Sep 11 11:09:57 2022
 Connections: closed: 172.31.21.56::46620 (Clean disconnection)
 EncodeManager: Framebuffer updates: 8369
 EncodeManager:   CopyRect:
 EncodeManager:     Copies: 39 rects, 5.1216 Mpixels
 EncodeManager:             624 B (1:32831.5 ratio)
 EncodeManager:   Tight:
 EncodeManager:     Solid: 342.68 krects, 1.05945 Gpixels
 EncodeManager:            5.22888 MiB (1:773.666 ratio)
 EncodeManager:     Bitmap RLE: 576.942 krects, 1.12016 Gpixels
 EncodeManager:                 49.7073 MiB (1:86.0976 ratio)
 EncodeManager:     Indexed RLE: 213.449 krects, 1.20001 Gpixels
 EncodeManager:                  62.1866 MiB (1:73.6512 ratio)
 EncodeManager:   Tight (JPEG):
 EncodeManager:     Full Colour: 10.775 krects, 106.132 Mpixels
 EncodeManager:                  35.8833 MiB (1:11.2862 ratio)
 EncodeManager:   Total: 1.14389 Mrects, 3.49088 Gpixels
 EncodeManager:          153.007 MiB (1:87.1186 ratio)
 ComparingUpdateTracker: 2.13743 Gpixels in / 399.264 Mpixels out
 ComparingUpdateTracker: (1:5.35342 ratio)
gpg-agent[361]: can't connect my own socket: IPC connect call failed
gpg-agent[361]: this process is useless - shutting down
gpg-agent[361]: gpg-agent (GnuPG) 2.1.11 stopped
